<?xml version="1.0" encoding="UTF-8"?>
<!-- Generated by org.testng.reporters.JUnitXMLReporter -->
<testsuite hostname="LNAR-5CG842674C" name="Default test" tests="4" failures="0" timestamp="28 Aug 2020 21:24:03 GMT" time="0.024" errors="0">
  <testcase name="div" time="0.008" classname="com.qa.tests.DemoTest"/>
  <testcase name="multi" time="0.001" classname="com.qa.tests.DemoTest"/>
  <testcase name="sub" time="0.0" classname="com.qa.tests.DemoTest"/>
  <testcase name="sum" time="0.001" classname="com.qa.tests.DemoTest"/>
</testsuite> <!-- Default test -->
