<?xml version="1.0" encoding="UTF-8"?>
<!-- Generated by org.testng.reporters.JUnitXMLReporter -->
<testsuite ignored="0" hostname="LNAR-5CG842674C" failures="0" tests="4" name="Default test" time="0.072" errors="0" timestamp="2020-09-18T09:18:46 EDT">
  <testcase classname="com.qa.tests.DemoTest" name="div" time="0.017"/>
  <testcase classname="com.qa.tests.DemoTest" name="multi" time="0.002"/>
  <testcase classname="com.qa.tests.DemoTest" name="sub" time="0.002"/>
  <testcase classname="com.qa.tests.DemoTest" name="sum" time="0.002"/>
</testsuite> <!-- Default test -->
