<?xml version="1.0" encoding="UTF-8"?>
<testng-results total="4" passed="4" failed="0" skipped="0">
  <reporter-output>
  </reporter-output>
  <suite started-at="2020-08-28T22:07:13Z" name="com.qa.tests.DemoTest" finished-at="2020-08-28T22:07:13Z" duration-ms="15">
    <groups>
    </groups>
    <test started-at="2020-08-28T22:07:13Z" name="Command line test" finished-at="2020-08-28T22:07:13Z" duration-ms="15">
      <class name="com.qa.tests.DemoTest">
        <test-method signature="div()[pri:0, instance:com.qa.tests.DemoTest@1786dec2]" started-at="2020-08-28T18:07:13Z" name="div" finished-at="2020-08-28T18:07:13Z" duration-ms="6" status="PASS">
          <reporter-output>
          </reporter-output>
        </test-method> <!-- div -->
        <test-method signature="sum()[pri:0, instance:com.qa.tests.DemoTest@1786dec2]" started-at="2020-08-28T18:07:13Z" name="sum" finished-at="2020-08-28T18:07:13Z" duration-ms="1" status="PASS">
          <reporter-output>
          </reporter-output>
        </test-method> <!-- sum -->
        <test-method signature="multi()[pri:0, instance:com.qa.tests.DemoTest@1786dec2]" started-at="2020-08-28T18:07:13Z" name="multi" finished-at="2020-08-28T18:07:13Z" duration-ms="0" status="PASS">
          <reporter-output>
          </reporter-output>
        </test-method> <!-- multi -->
        <test-method signature="sub()[pri:0, instance:com.qa.tests.DemoTest@1786dec2]" started-at="2020-08-28T18:07:13Z" name="sub" finished-at="2020-08-28T18:07:13Z" duration-ms="0" status="PASS">
          <reporter-output>
          </reporter-output>
        </test-method> <!-- sub -->
      </class> <!-- com.qa.tests.DemoTest -->
    </test> <!-- Command line test -->
  </suite> <!-- com.qa.tests.DemoTest -->
</testng-results>
