<?xml version="1.0" encoding="UTF-8"?>
<testng-results ignored="0" total="4" passed="4" failed="0" skipped="0">
  <reporter-output>
  </reporter-output>
  <suite started-at="2020-09-18T09:18:46 EDT" name="Default suite" finished-at="2020-09-18T09:18:46 EDT" duration-ms="72">
    <groups>
    </groups>
    <test started-at="2020-09-18T09:18:46 EDT" name="Default test" finished-at="2020-09-18T09:18:46 EDT" duration-ms="72">
      <class name="com.qa.tests.DemoTest">
        <test-method signature="div()[pri:0, instance:com.qa.tests.DemoTest@6b19b79]" started-at="2020-09-18T09:18:46 EDT" name="div" finished-at="2020-09-18T09:18:46 EDT" duration-ms="17" status="PASS">
          <reporter-output>
          </reporter-output>
        </test-method> <!-- div -->
        <test-method signature="multi()[pri:0, instance:com.qa.tests.DemoTest@6b19b79]" started-at="2020-09-18T09:18:46 EDT" name="multi" finished-at="2020-09-18T09:18:46 EDT" duration-ms="2" status="PASS">
          <reporter-output>
          </reporter-output>
        </test-method> <!-- multi -->
        <test-method signature="sub()[pri:0, instance:com.qa.tests.DemoTest@6b19b79]" started-at="2020-09-18T09:18:46 EDT" name="sub" finished-at="2020-09-18T09:18:46 EDT" duration-ms="2" status="PASS">
          <reporter-output>
          </reporter-output>
        </test-method> <!-- sub -->
        <test-method signature="sum()[pri:0, instance:com.qa.tests.DemoTest@6b19b79]" started-at="2020-09-18T09:18:46 EDT" name="sum" finished-at="2020-09-18T09:18:46 EDT" duration-ms="2" status="PASS">
          <reporter-output>
          </reporter-output>
        </test-method> <!-- sum -->
      </class> <!-- com.qa.tests.DemoTest -->
    </test> <!-- Default test -->
  </suite> <!-- Default suite -->
</testng-results>
