<?xml version="1.0" encoding="UTF-8"?>
<testng-results skipped="0" failed="0" total="4" passed="4">
  <reporter-output>
  </reporter-output>
  <suite name="Default suite" duration-ms="24" started-at="2020-08-28T21:24:03Z" finished-at="2020-08-28T21:24:03Z">
    <groups>
    </groups>
    <test name="Default test" duration-ms="24" started-at="2020-08-28T21:24:03Z" finished-at="2020-08-28T21:24:03Z">
      <class name="com.qa.tests.DemoTest">
        <test-method status="PASS" signature="div()[pri:0, instance:com.qa.tests.DemoTest@51931956]" name="div" duration-ms="8" started-at="2020-08-28T17:24:03Z" finished-at="2020-08-28T17:24:03Z">
          <reporter-output>
          </reporter-output>
        </test-method> <!-- div -->
        <test-method status="PASS" signature="multi()[pri:0, instance:com.qa.tests.DemoTest@51931956]" name="multi" duration-ms="1" started-at="2020-08-28T17:24:03Z" finished-at="2020-08-28T17:24:03Z">
          <reporter-output>
          </reporter-output>
        </test-method> <!-- multi -->
        <test-method status="PASS" signature="sub()[pri:0, instance:com.qa.tests.DemoTest@51931956]" name="sub" duration-ms="0" started-at="2020-08-28T17:24:03Z" finished-at="2020-08-28T17:24:03Z">
          <reporter-output>
          </reporter-output>
        </test-method> <!-- sub -->
        <test-method status="PASS" signature="sum()[pri:0, instance:com.qa.tests.DemoTest@51931956]" name="sum" duration-ms="1" started-at="2020-08-28T17:24:03Z" finished-at="2020-08-28T17:24:03Z">
          <reporter-output>
          </reporter-output>
        </test-method> <!-- sum -->
      </class> <!-- com.qa.tests.DemoTest -->
    </test> <!-- Default test -->
  </suite> <!-- Default suite -->
</testng-results>
